[2025-07-27 15:55:02] local.ERROR: item check {"id":"3"} 
[2025-07-27 16:31:12] local.ERROR: SQLSTATE[23000]: Integrity constraint violation: 1048 Column 'stock' cannot be null (Connection: mysql, SQL: insert into `products` (`main_category_id`, `price`, `supplier_price`, `discount`, `stock`, `vendor_id`, `updated_at`, `created_at`) values (3, 100, ?, 0, ?, 4, 2025-07-27 16:31:12, 2025-07-27 16:31:12)) {"userId":4,"exception":"[object] (Illuminate\\Database\\QueryException(code: 23000): SQLSTATE[23000]: Integrity constraint violation: 1048 Column 'stock' cannot be null (Connection: mysql, SQL: insert into `products` (`main_category_id`, `price`, `supplier_price`, `discount`, `stock`, `vendor_id`, `updated_at`, `created_at`) values (3, 100, ?, 0, ?, 4, 2025-07-27 16:31:12, 2025-07-27 16:31:12)) at /home/virus77z9x/Documents/New Folder/IO-Store-main/vendor/laravel/framework/src/Illuminate/Database/Connection.php:829)
[stacktrace]
#0 /home/virus77z9x/Documents/New Folder/IO-Store-main/vendor/laravel/framework/src/Illuminate/Database/Connection.php(783): Illuminate\\Database\\Connection->runQueryCallback()
#1 /home/virus77z9x/Documents/New Folder/IO-Store-main/vendor/laravel/framework/src/Illuminate/Database/MySqlConnection.php(34): Illuminate\\Database\\Connection->run()
#2 /home/virus77z9x/Documents/New Folder/IO-Store-main/vendor/laravel/framework/src/Illuminate/Database/Query/Processors/MySqlProcessor.php(35): Illuminate\\Database\\MySqlConnection->insert()
#3 /home/virus77z9x/Documents/New Folder/IO-Store-main/vendor/laravel/framework/src/Illuminate/Database/Query/Builder.php(3549): Illuminate\\Database\\Query\\Processors\\MySqlProcessor->processInsertGetId()
#4 /home/virus77z9x/Documents/New Folder/IO-Store-main/vendor/laravel/framework/src/Illuminate/Database/Eloquent/Builder.php(1982): Illuminate\\Database\\Query\\Builder->insertGetId()
#5 /home/virus77z9x/Documents/New Folder/IO-Store-main/vendor/laravel/framework/src/Illuminate/Database/Eloquent/Model.php(1334): Illuminate\\Database\\Eloquent\\Builder->__call()
#6 /home/virus77z9x/Documents/New Folder/IO-Store-main/vendor/laravel/framework/src/Illuminate/Database/Eloquent/Model.php(1299): Illuminate\\Database\\Eloquent\\Model->insertAndSetId()
#7 /home/virus77z9x/Documents/New Folder/IO-Store-main/vendor/laravel/framework/src/Illuminate/Database/Eloquent/Model.php(1138): Illuminate\\Database\\Eloquent\\Model->performInsert()
#8 /home/virus77z9x/Documents/New Folder/IO-Store-main/vendor/laravel/framework/src/Illuminate/Database/Eloquent/Relations/HasOneOrMany.php(342): Illuminate\\Database\\Eloquent\\Model->save()
#9 /home/virus77z9x/Documents/New Folder/IO-Store-main/vendor/laravel/framework/src/Illuminate/Support/helpers.php(307): Illuminate\\Database\\Eloquent\\Relations\\HasOneOrMany->Illuminate\\Database\\Eloquent\\Relations\\{closure}()
#10 /home/virus77z9x/Documents/New Folder/IO-Store-main/vendor/laravel/framework/src/Illuminate/Database/Eloquent/Relations/HasOneOrMany.php(339): tap()
#11 /home/virus77z9x/Documents/New Folder/IO-Store-main/app/Http/Controllers/Api/Vendor/Products/ProductController.php(130): Illuminate\\Database\\Eloquent\\Relations\\HasOneOrMany->create()
#12 /home/virus77z9x/Documents/New Folder/IO-Store-main/vendor/laravel/framework/src/Illuminate/Routing/Controller.php(54): App\\Http\\Controllers\\Api\\Vendor\\Products\\ProductController->store()
#13 /home/virus77z9x/Documents/New Folder/IO-Store-main/vendor/laravel/framework/src/Illuminate/Routing/ControllerDispatcher.php(43): Illuminate\\Routing\\Controller->callAction()
#14 /home/virus77z9x/Documents/New Folder/IO-Store-main/vendor/laravel/framework/src/Illuminate/Routing/Route.php(259): Illuminate\\Routing\\ControllerDispatcher->dispatch()
#15 /home/virus77z9x/Documents/New Folder/IO-Store-main/vendor/laravel/framework/src/Illuminate/Routing/Route.php(205): Illuminate\\Routing\\Route->runController()
#16 /home/virus77z9x/Documents/New Folder/IO-Store-main/vendor/laravel/framework/src/Illuminate/Routing/Router.php(806): Illuminate\\Routing\\Route->run()
#17 /home/virus77z9x/Documents/New Folder/IO-Store-main/vendor/laravel/framework/src/Illuminate/Pipeline/Pipeline.php(144): Illuminate\\Routing\\Router->Illuminate\\Routing\\{closure}()
#18 /home/virus77z9x/Documents/New Folder/IO-Store-main/app/Http/Middleware/SetLocale.php(34): Illuminate\\Pipeline\\Pipeline->Illuminate\\Pipeline\\{closure}()
#19 /home/virus77z9x/Documents/New Folder/IO-Store-main/vendor/laravel/framework/src/Illuminate/Pipeline/Pipeline.php(183): App\\Http\\Middleware\\SetLocale->handle()
#20 /home/virus77z9x/Documents/New Folder/IO-Store-main/vendor/laravel/framework/src/Illuminate/Routing/Middleware/SubstituteBindings.php(50): Illuminate\\Pipeline\\Pipeline->Illuminate\\Pipeline\\{closure}()
#21 /home/virus77z9x/Documents/New Folder/IO-Store-main/vendor/laravel/framework/src/Illuminate/Pipeline/Pipeline.php(183): Illuminate\\Routing\\Middleware\\SubstituteBindings->handle()
#22 /home/virus77z9x/Documents/New Folder/IO-Store-main/vendor/laravel/framework/src/Illuminate/Routing/Middleware/ThrottleRequests.php(159): Illuminate\\Pipeline\\Pipeline->Illuminate\\Pipeline\\{closure}()
#23 /home/virus77z9x/Documents/New Folder/IO-Store-main/vendor/laravel/framework/src/Illuminate/Routing/Middleware/ThrottleRequests.php(125): Illuminate\\Routing\\Middleware\\ThrottleRequests->handleRequest()
#24 /home/virus77z9x/Documents/New Folder/IO-Store-main/vendor/laravel/framework/src/Illuminate/Routing/Middleware/ThrottleRequests.php(87): Illuminate\\Routing\\Middleware\\ThrottleRequests->handleRequestUsingNamedLimiter()
#25 /home/virus77z9x/Documents/New Folder/IO-Store-main/vendor/laravel/framework/src/Illuminate/Pipeline/Pipeline.php(183): Illuminate\\Routing\\Middleware\\ThrottleRequests->handle()
#26 /home/virus77z9x/Documents/New Folder/IO-Store-main/vendor/laravel/framework/src/Illuminate/Auth/Middleware/Authenticate.php(57): Illuminate\\Pipeline\\Pipeline->Illuminate\\Pipeline\\{closure}()
#27 /home/virus77z9x/Documents/New Folder/IO-Store-main/vendor/laravel/framework/src/Illuminate/Pipeline/Pipeline.php(183): Illuminate\\Auth\\Middleware\\Authenticate->handle()
#28 /home/virus77z9x/Documents/New Folder/IO-Store-main/vendor/laravel/sanctum/src/Http/Middleware/EnsureFrontendRequestsAreStateful.php(25): Illuminate\\Pipeline\\Pipeline->Illuminate\\Pipeline\\{closure}()
#29 /home/virus77z9x/Documents/New Folder/IO-Store-main/vendor/laravel/framework/src/Illuminate/Pipeline/Pipeline.php(144): Laravel\\Sanctum\\Http\\Middleware\\EnsureFrontendRequestsAreStateful->Laravel\\Sanctum\\Http\\Middleware\\{closure}()
#30 /home/virus77z9x/Documents/New Folder/IO-Store-main/vendor/laravel/framework/src/Illuminate/Pipeline/Pipeline.php(119): Illuminate\\Pipeline\\Pipeline->Illuminate\\Pipeline\\{closure}()
#31 /home/virus77z9x/Documents/New Folder/IO-Store-main/vendor/laravel/sanctum/src/Http/Middleware/EnsureFrontendRequestsAreStateful.php(24): Illuminate\\Pipeline\\Pipeline->then()
#32 /home/virus77z9x/Documents/New Folder/IO-Store-main/vendor/laravel/framework/src/Illuminate/Pipeline/Pipeline.php(183): Laravel\\Sanctum\\Http\\Middleware\\EnsureFrontendRequestsAreStateful->handle()
#33 /home/virus77z9x/Documents/New Folder/IO-Store-main/vendor/laravel/framework/src/Illuminate/Pipeline/Pipeline.php(119): Illuminate\\Pipeline\\Pipeline->Illuminate\\Pipeline\\{closure}()
#34 /home/virus77z9x/Documents/New Folder/IO-Store-main/vendor/laravel/framework/src/Illuminate/Routing/Router.php(805): Illuminate\\Pipeline\\Pipeline->then()
#35 /home/virus77z9x/Documents/New Folder/IO-Store-main/vendor/laravel/framework/src/Illuminate/Routing/Router.php(784): Illuminate\\Routing\\Router->runRouteWithinStack()
#36 /home/virus77z9x/Documents/New Folder/IO-Store-main/vendor/laravel/framework/src/Illuminate/Routing/Router.php(748): Illuminate\\Routing\\Router->runRoute()
#37 /home/virus77z9x/Documents/New Folder/IO-Store-main/vendor/laravel/framework/src/Illuminate/Routing/Router.php(737): Illuminate\\Routing\\Router->dispatchToRoute()
#38 /home/virus77z9x/Documents/New Folder/IO-Store-main/vendor/laravel/framework/src/Illuminate/Foundation/Http/Kernel.php(200): Illuminate\\Routing\\Router->dispatch()
#39 /home/virus77z9x/Documents/New Folder/IO-Store-main/vendor/laravel/framework/src/Illuminate/Pipeline/Pipeline.php(144): Illuminate\\Foundation\\Http\\Kernel->Illuminate\\Foundation\\Http\\{closure}()
#40 /home/virus77z9x/Documents/New Folder/IO-Store-main/vendor/laravel/framework/src/Illuminate/Foundation/Http/Middleware/TransformsRequest.php(21): Illuminate\\Pipeline\\Pipeline->Illuminate\\Pipeline\\{closure}()
#41 /home/virus77z9x/Documents/New Folder/IO-Store-main/vendor/laravel/framework/src/Illuminate/Foundation/Http/Middleware/ConvertEmptyStringsToNull.php(31): Illuminate\\Foundation\\Http\\Middleware\\TransformsRequest->handle()
#42 /home/virus77z9x/Documents/New Folder/IO-Store-main/vendor/laravel/framework/src/Illuminate/Pipeline/Pipeline.php(183): Illuminate\\Foundation\\Http\\Middleware\\ConvertEmptyStringsToNull->handle()
#43 /home/virus77z9x/Documents/New Folder/IO-Store-main/vendor/laravel/framework/src/Illuminate/Foundation/Http/Middleware/TransformsRequest.php(21): Illuminate\\Pipeline\\Pipeline->Illuminate\\Pipeline\\{closure}()
#44 /home/virus77z9x/Documents/New Folder/IO-Store-main/vendor/laravel/framework/src/Illuminate/Foundation/Http/Middleware/TrimStrings.php(40): Illuminate\\Foundation\\Http\\Middleware\\TransformsRequest->handle()
#45 /home/virus77z9x/Documents/New Folder/IO-Store-main/vendor/laravel/framework/src/Illuminate/Pipeline/Pipeline.php(183): Illuminate\\Foundation\\Http\\Middleware\\TrimStrings->handle()
#46 /home/virus77z9x/Documents/New Folder/IO-Store-main/vendor/laravel/framework/src/Illuminate/Foundation/Http/Middleware/ValidatePostSize.php(27): Illuminate\\Pipeline\\Pipeline->Illuminate\\Pipeline\\{closure}()
#47 /home/virus77z9x/Documents/New Folder/IO-Store-main/vendor/laravel/framework/src/Illuminate/Pipeline/Pipeline.php(183): Illuminate\\Foundation\\Http\\Middleware\\ValidatePostSize->handle()
#48 /home/virus77z9x/Documents/New Folder/IO-Store-main/vendor/laravel/framework/src/Illuminate/Foundation/Http/Middleware/PreventRequestsDuringMaintenance.php(99): Illuminate\\Pipeline\\Pipeline->Illuminate\\Pipeline\\{closure}()
#49 /home/virus77z9x/Documents/New Folder/IO-Store-main/vendor/laravel/framework/src/Illuminate/Pipeline/Pipeline.php(183): Illuminate\\Foundation\\Http\\Middleware\\PreventRequestsDuringMaintenance->handle()
#50 /home/virus77z9x/Documents/New Folder/IO-Store-main/vendor/laravel/framework/src/Illuminate/Http/Middleware/HandleCors.php(62): Illuminate\\Pipeline\\Pipeline->Illuminate\\Pipeline\\{closure}()
#51 /home/virus77z9x/Documents/New Folder/IO-Store-main/vendor/laravel/framework/src/Illuminate/Pipeline/Pipeline.php(183): Illuminate\\Http\\Middleware\\HandleCors->handle()
#52 /home/virus77z9x/Documents/New Folder/IO-Store-main/vendor/laravel/framework/src/Illuminate/Http/Middleware/TrustProxies.php(39): Illuminate\\Pipeline\\Pipeline->Illuminate\\Pipeline\\{closure}()
#53 /home/virus77z9x/Documents/New Folder/IO-Store-main/vendor/laravel/framework/src/Illuminate/Pipeline/Pipeline.php(183): Illuminate\\Http\\Middleware\\TrustProxies->handle()
#54 /home/virus77z9x/Documents/New Folder/IO-Store-main/vendor/laravel/framework/src/Illuminate/Pipeline/Pipeline.php(119): Illuminate\\Pipeline\\Pipeline->Illuminate\\Pipeline\\{closure}()
#55 /home/virus77z9x/Documents/New Folder/IO-Store-main/vendor/laravel/framework/src/Illuminate/Foundation/Http/Kernel.php(175): Illuminate\\Pipeline\\Pipeline->then()
#56 /home/virus77z9x/Documents/New Folder/IO-Store-main/vendor/laravel/framework/src/Illuminate/Foundation/Http/Kernel.php(144): Illuminate\\Foundation\\Http\\Kernel->sendRequestThroughRouter()
#57 /home/virus77z9x/Documents/New Folder/IO-Store-main/public/index.php(51): Illuminate\\Foundation\\Http\\Kernel->handle()
#58 /home/virus77z9x/Documents/New Folder/IO-Store-main/vendor/laravel/framework/src/Illuminate/Foundation/resources/server.php(16): require_once('...')
#59 {main}

[previous exception] [object] (PDOException(code: 23000): SQLSTATE[23000]: Integrity constraint violation: 1048 Column 'stock' cannot be null at /home/virus77z9x/Documents/New Folder/IO-Store-main/vendor/laravel/framework/src/Illuminate/Database/MySqlConnection.php:45)
[stacktrace]
#0 /home/virus77z9x/Documents/New Folder/IO-Store-main/vendor/laravel/framework/src/Illuminate/Database/MySqlConnection.php(45): PDOStatement->execute()
#1 /home/virus77z9x/Documents/New Folder/IO-Store-main/vendor/laravel/framework/src/Illuminate/Database/Connection.php(816): Illuminate\\Database\\MySqlConnection->Illuminate\\Database\\{closure}()
#2 /home/virus77z9x/Documents/New Folder/IO-Store-main/vendor/laravel/framework/src/Illuminate/Database/Connection.php(783): Illuminate\\Database\\Connection->runQueryCallback()
#3 /home/virus77z9x/Documents/New Folder/IO-Store-main/vendor/laravel/framework/src/Illuminate/Database/MySqlConnection.php(34): Illuminate\\Database\\Connection->run()
#4 /home/virus77z9x/Documents/New Folder/IO-Store-main/vendor/laravel/framework/src/Illuminate/Database/Query/Processors/MySqlProcessor.php(35): Illuminate\\Database\\MySqlConnection->insert()
#5 /home/virus77z9x/Documents/New Folder/IO-Store-main/vendor/laravel/framework/src/Illuminate/Database/Query/Builder.php(3549): Illuminate\\Database\\Query\\Processors\\MySqlProcessor->processInsertGetId()
#6 /home/virus77z9x/Documents/New Folder/IO-Store-main/vendor/laravel/framework/src/Illuminate/Database/Eloquent/Builder.php(1982): Illuminate\\Database\\Query\\Builder->insertGetId()
#7 /home/virus77z9x/Documents/New Folder/IO-Store-main/vendor/laravel/framework/src/Illuminate/Database/Eloquent/Model.php(1334): Illuminate\\Database\\Eloquent\\Builder->__call()
#8 /home/virus77z9x/Documents/New Folder/IO-Store-main/vendor/laravel/framework/src/Illuminate/Database/Eloquent/Model.php(1299): Illuminate\\Database\\Eloquent\\Model->insertAndSetId()
#9 /home/virus77z9x/Documents/New Folder/IO-Store-main/vendor/laravel/framework/src/Illuminate/Database/Eloquent/Model.php(1138): Illuminate\\Database\\Eloquent\\Model->performInsert()
#10 /home/virus77z9x/Documents/New Folder/IO-Store-main/vendor/laravel/framework/src/Illuminate/Database/Eloquent/Relations/HasOneOrMany.php(342): Illuminate\\Database\\Eloquent\\Model->save()
#11 /home/virus77z9x/Documents/New Folder/IO-Store-main/vendor/laravel/framework/src/Illuminate/Support/helpers.php(307): Illuminate\\Database\\Eloquent\\Relations\\HasOneOrMany->Illuminate\\Database\\Eloquent\\Relations\\{closure}()
#12 /home/virus77z9x/Documents/New Folder/IO-Store-main/vendor/laravel/framework/src/Illuminate/Database/Eloquent/Relations/HasOneOrMany.php(339): tap()
#13 /home/virus77z9x/Documents/New Folder/IO-Store-main/app/Http/Controllers/Api/Vendor/Products/ProductController.php(130): Illuminate\\Database\\Eloquent\\Relations\\HasOneOrMany->create()
#14 /home/virus77z9x/Documents/New Folder/IO-Store-main/vendor/laravel/framework/src/Illuminate/Routing/Controller.php(54): App\\Http\\Controllers\\Api\\Vendor\\Products\\ProductController->store()
#15 /home/virus77z9x/Documents/New Folder/IO-Store-main/vendor/laravel/framework/src/Illuminate/Routing/ControllerDispatcher.php(43): Illuminate\\Routing\\Controller->callAction()
#16 /home/virus77z9x/Documents/New Folder/IO-Store-main/vendor/laravel/framework/src/Illuminate/Routing/Route.php(259): Illuminate\\Routing\\ControllerDispatcher->dispatch()
#17 /home/virus77z9x/Documents/New Folder/IO-Store-main/vendor/laravel/framework/src/Illuminate/Routing/Route.php(205): Illuminate\\Routing\\Route->runController()
#18 /home/virus77z9x/Documents/New Folder/IO-Store-main/vendor/laravel/framework/src/Illuminate/Routing/Router.php(806): Illuminate\\Routing\\Route->run()
#19 /home/virus77z9x/Documents/New Folder/IO-Store-main/vendor/laravel/framework/src/Illuminate/Pipeline/Pipeline.php(144): Illuminate\\Routing\\Router->Illuminate\\Routing\\{closure}()
#20 /home/virus77z9x/Documents/New Folder/IO-Store-main/app/Http/Middleware/SetLocale.php(34): Illuminate\\Pipeline\\Pipeline->Illuminate\\Pipeline\\{closure}()
#21 /home/virus77z9x/Documents/New Folder/IO-Store-main/vendor/laravel/framework/src/Illuminate/Pipeline/Pipeline.php(183): App\\Http\\Middleware\\SetLocale->handle()
#22 /home/virus77z9x/Documents/New Folder/IO-Store-main/vendor/laravel/framework/src/Illuminate/Routing/Middleware/SubstituteBindings.php(50): Illuminate\\Pipeline\\Pipeline->Illuminate\\Pipeline\\{closure}()
#23 /home/virus77z9x/Documents/New Folder/IO-Store-main/vendor/laravel/framework/src/Illuminate/Pipeline/Pipeline.php(183): Illuminate\\Routing\\Middleware\\SubstituteBindings->handle()
#24 /home/virus77z9x/Documents/New Folder/IO-Store-main/vendor/laravel/framework/src/Illuminate/Routing/Middleware/ThrottleRequests.php(159): Illuminate\\Pipeline\\Pipeline->Illuminate\\Pipeline\\{closure}()
#25 /home/virus77z9x/Documents/New Folder/IO-Store-main/vendor/laravel/framework/src/Illuminate/Routing/Middleware/ThrottleRequests.php(125): Illuminate\\Routing\\Middleware\\ThrottleRequests->handleRequest()
#26 /home/virus77z9x/Documents/New Folder/IO-Store-main/vendor/laravel/framework/src/Illuminate/Routing/Middleware/ThrottleRequests.php(87): Illuminate\\Routing\\Middleware\\ThrottleRequests->handleRequestUsingNamedLimiter()
#27 /home/virus77z9x/Documents/New Folder/IO-Store-main/vendor/laravel/framework/src/Illuminate/Pipeline/Pipeline.php(183): Illuminate\\Routing\\Middleware\\ThrottleRequests->handle()
#28 /home/virus77z9x/Documents/New Folder/IO-Store-main/vendor/laravel/framework/src/Illuminate/Auth/Middleware/Authenticate.php(57): Illuminate\\Pipeline\\Pipeline->Illuminate\\Pipeline\\{closure}()
#29 /home/virus77z9x/Documents/New Folder/IO-Store-main/vendor/laravel/framework/src/Illuminate/Pipeline/Pipeline.php(183): Illuminate\\Auth\\Middleware\\Authenticate->handle()
#30 /home/virus77z9x/Documents/New Folder/IO-Store-main/vendor/laravel/sanctum/src/Http/Middleware/EnsureFrontendRequestsAreStateful.php(25): Illuminate\\Pipeline\\Pipeline->Illuminate\\Pipeline\\{closure}()
#31 /home/virus77z9x/Documents/New Folder/IO-Store-main/vendor/laravel/framework/src/Illuminate/Pipeline/Pipeline.php(144): Laravel\\Sanctum\\Http\\Middleware\\EnsureFrontendRequestsAreStateful->Laravel\\Sanctum\\Http\\Middleware\\{closure}()
#32 /home/virus77z9x/Documents/New Folder/IO-Store-main/vendor/laravel/framework/src/Illuminate/Pipeline/Pipeline.php(119): Illuminate\\Pipeline\\Pipeline->Illuminate\\Pipeline\\{closure}()
#33 /home/virus77z9x/Documents/New Folder/IO-Store-main/vendor/laravel/sanctum/src/Http/Middleware/EnsureFrontendRequestsAreStateful.php(24): Illuminate\\Pipeline\\Pipeline->then()
#34 /home/virus77z9x/Documents/New Folder/IO-Store-main/vendor/laravel/framework/src/Illuminate/Pipeline/Pipeline.php(183): Laravel\\Sanctum\\Http\\Middleware\\EnsureFrontendRequestsAreStateful->handle()
#35 /home/virus77z9x/Documents/New Folder/IO-Store-main/vendor/laravel/framework/src/Illuminate/Pipeline/Pipeline.php(119): Illuminate\\Pipeline\\Pipeline->Illuminate\\Pipeline\\{closure}()
#36 /home/virus77z9x/Documents/New Folder/IO-Store-main/vendor/laravel/framework/src/Illuminate/Routing/Router.php(805): Illuminate\\Pipeline\\Pipeline->then()
#37 /home/virus77z9x/Documents/New Folder/IO-Store-main/vendor/laravel/framework/src/Illuminate/Routing/Router.php(784): Illuminate\\Routing\\Router->runRouteWithinStack()
#38 /home/virus77z9x/Documents/New Folder/IO-Store-main/vendor/laravel/framework/src/Illuminate/Routing/Router.php(748): Illuminate\\Routing\\Router->runRoute()
#39 /home/virus77z9x/Documents/New Folder/IO-Store-main/vendor/laravel/framework/src/Illuminate/Routing/Router.php(737): Illuminate\\Routing\\Router->dispatchToRoute()
#40 /home/virus77z9x/Documents/New Folder/IO-Store-main/vendor/laravel/framework/src/Illuminate/Foundation/Http/Kernel.php(200): Illuminate\\Routing\\Router->dispatch()
#41 /home/virus77z9x/Documents/New Folder/IO-Store-main/vendor/laravel/framework/src/Illuminate/Pipeline/Pipeline.php(144): Illuminate\\Foundation\\Http\\Kernel->Illuminate\\Foundation\\Http\\{closure}()
#42 /home/virus77z9x/Documents/New Folder/IO-Store-main/vendor/laravel/framework/src/Illuminate/Foundation/Http/Middleware/TransformsRequest.php(21): Illuminate\\Pipeline\\Pipeline->Illuminate\\Pipeline\\{closure}()
#43 /home/virus77z9x/Documents/New Folder/IO-Store-main/vendor/laravel/framework/src/Illuminate/Foundation/Http/Middleware/ConvertEmptyStringsToNull.php(31): Illuminate\\Foundation\\Http\\Middleware\\TransformsRequest->handle()
#44 /home/virus77z9x/Documents/New Folder/IO-Store-main/vendor/laravel/framework/src/Illuminate/Pipeline/Pipeline.php(183): Illuminate\\Foundation\\Http\\Middleware\\ConvertEmptyStringsToNull->handle()
#45 /home/virus77z9x/Documents/New Folder/IO-Store-main/vendor/laravel/framework/src/Illuminate/Foundation/Http/Middleware/TransformsRequest.php(21): Illuminate\\Pipeline\\Pipeline->Illuminate\\Pipeline\\{closure}()
#46 /home/virus77z9x/Documents/New Folder/IO-Store-main/vendor/laravel/framework/src/Illuminate/Foundation/Http/Middleware/TrimStrings.php(40): Illuminate\\Foundation\\Http\\Middleware\\TransformsRequest->handle()
#47 /home/virus77z9x/Documents/New Folder/IO-Store-main/vendor/laravel/framework/src/Illuminate/Pipeline/Pipeline.php(183): Illuminate\\Foundation\\Http\\Middleware\\TrimStrings->handle()
#48 /home/virus77z9x/Documents/New Folder/IO-Store-main/vendor/laravel/framework/src/Illuminate/Foundation/Http/Middleware/ValidatePostSize.php(27): Illuminate\\Pipeline\\Pipeline->Illuminate\\Pipeline\\{closure}()
#49 /home/virus77z9x/Documents/New Folder/IO-Store-main/vendor/laravel/framework/src/Illuminate/Pipeline/Pipeline.php(183): Illuminate\\Foundation\\Http\\Middleware\\ValidatePostSize->handle()
#50 /home/virus77z9x/Documents/New Folder/IO-Store-main/vendor/laravel/framework/src/Illuminate/Foundation/Http/Middleware/PreventRequestsDuringMaintenance.php(99): Illuminate\\Pipeline\\Pipeline->Illuminate\\Pipeline\\{closure}()
#51 /home/virus77z9x/Documents/New Folder/IO-Store-main/vendor/laravel/framework/src/Illuminate/Pipeline/Pipeline.php(183): Illuminate\\Foundation\\Http\\Middleware\\PreventRequestsDuringMaintenance->handle()
#52 /home/virus77z9x/Documents/New Folder/IO-Store-main/vendor/laravel/framework/src/Illuminate/Http/Middleware/HandleCors.php(62): Illuminate\\Pipeline\\Pipeline->Illuminate\\Pipeline\\{closure}()
#53 /home/virus77z9x/Documents/New Folder/IO-Store-main/vendor/laravel/framework/src/Illuminate/Pipeline/Pipeline.php(183): Illuminate\\Http\\Middleware\\HandleCors->handle()
#54 /home/virus77z9x/Documents/New Folder/IO-Store-main/vendor/laravel/framework/src/Illuminate/Http/Middleware/TrustProxies.php(39): Illuminate\\Pipeline\\Pipeline->Illuminate\\Pipeline\\{closure}()
#55 /home/virus77z9x/Documents/New Folder/IO-Store-main/vendor/laravel/framework/src/Illuminate/Pipeline/Pipeline.php(183): Illuminate\\Http\\Middleware\\TrustProxies->handle()
#56 /home/virus77z9x/Documents/New Folder/IO-Store-main/vendor/laravel/framework/src/Illuminate/Pipeline/Pipeline.php(119): Illuminate\\Pipeline\\Pipeline->Illuminate\\Pipeline\\{closure}()
#57 /home/virus77z9x/Documents/New Folder/IO-Store-main/vendor/laravel/framework/src/Illuminate/Foundation/Http/Kernel.php(175): Illuminate\\Pipeline\\Pipeline->then()
#58 /home/virus77z9x/Documents/New Folder/IO-Store-main/vendor/laravel/framework/src/Illuminate/Foundation/Http/Kernel.php(144): Illuminate\\Foundation\\Http\\Kernel->sendRequestThroughRouter()
#59 /home/virus77z9x/Documents/New Folder/IO-Store-main/public/index.php(51): Illuminate\\Foundation\\Http\\Kernel->handle()
#60 /home/virus77z9x/Documents/New Folder/IO-Store-main/vendor/laravel/framework/src/Illuminate/Foundation/resources/server.php(16): require_once('...')
#61 {main}
"} 
[2025-07-27 16:33:34] local.ERROR: foreach() argument must be of type array|object, null given {"userId":4,"exception":"[object] (ErrorException(code: 0): foreach() argument must be of type array|object, null given at /home/virus77z9x/Documents/New Folder/IO-Store-main/app/Http/Controllers/Api/Vendor/Products/ProductController.php:155)
[stacktrace]
#0 /home/virus77z9x/Documents/New Folder/IO-Store-main/vendor/laravel/framework/src/Illuminate/Foundation/Bootstrap/HandleExceptions.php(255): Illuminate\\Foundation\\Bootstrap\\HandleExceptions->handleError()
#1 /home/virus77z9x/Documents/New Folder/IO-Store-main/app/Http/Controllers/Api/Vendor/Products/ProductController.php(155): Illuminate\\Foundation\\Bootstrap\\HandleExceptions->Illuminate\\Foundation\\Bootstrap\\{closure}()
#2 /home/virus77z9x/Documents/New Folder/IO-Store-main/vendor/laravel/framework/src/Illuminate/Routing/Controller.php(54): App\\Http\\Controllers\\Api\\Vendor\\Products\\ProductController->store()
#3 /home/virus77z9x/Documents/New Folder/IO-Store-main/vendor/laravel/framework/src/Illuminate/Routing/ControllerDispatcher.php(43): Illuminate\\Routing\\Controller->callAction()
#4 /home/virus77z9x/Documents/New Folder/IO-Store-main/vendor/laravel/framework/src/Illuminate/Routing/Route.php(259): Illuminate\\Routing\\ControllerDispatcher->dispatch()
#5 /home/virus77z9x/Documents/New Folder/IO-Store-main/vendor/laravel/framework/src/Illuminate/Routing/Route.php(205): Illuminate\\Routing\\Route->runController()
#6 /home/virus77z9x/Documents/New Folder/IO-Store-main/vendor/laravel/framework/src/Illuminate/Routing/Router.php(806): Illuminate\\Routing\\Route->run()
#7 /home/virus77z9x/Documents/New Folder/IO-Store-main/vendor/laravel/framework/src/Illuminate/Pipeline/Pipeline.php(144): Illuminate\\Routing\\Router->Illuminate\\Routing\\{closure}()
#8 /home/virus77z9x/Documents/New Folder/IO-Store-main/app/Http/Middleware/SetLocale.php(34): Illuminate\\Pipeline\\Pipeline->Illuminate\\Pipeline\\{closure}()
#9 /home/virus77z9x/Documents/New Folder/IO-Store-main/vendor/laravel/framework/src/Illuminate/Pipeline/Pipeline.php(183): App\\Http\\Middleware\\SetLocale->handle()
#10 /home/virus77z9x/Documents/New Folder/IO-Store-main/vendor/laravel/framework/src/Illuminate/Routing/Middleware/SubstituteBindings.php(50): Illuminate\\Pipeline\\Pipeline->Illuminate\\Pipeline\\{closure}()
#11 /home/virus77z9x/Documents/New Folder/IO-Store-main/vendor/laravel/framework/src/Illuminate/Pipeline/Pipeline.php(183): Illuminate\\Routing\\Middleware\\SubstituteBindings->handle()
#12 /home/virus77z9x/Documents/New Folder/IO-Store-main/vendor/laravel/framework/src/Illuminate/Routing/Middleware/ThrottleRequests.php(159): Illuminate\\Pipeline\\Pipeline->Illuminate\\Pipeline\\{closure}()
#13 /home/virus77z9x/Documents/New Folder/IO-Store-main/vendor/laravel/framework/src/Illuminate/Routing/Middleware/ThrottleRequests.php(125): Illuminate\\Routing\\Middleware\\ThrottleRequests->handleRequest()
#14 /home/virus77z9x/Documents/New Folder/IO-Store-main/vendor/laravel/framework/src/Illuminate/Routing/Middleware/ThrottleRequests.php(87): Illuminate\\Routing\\Middleware\\ThrottleRequests->handleRequestUsingNamedLimiter()
#15 /home/virus77z9x/Documents/New Folder/IO-Store-main/vendor/laravel/framework/src/Illuminate/Pipeline/Pipeline.php(183): Illuminate\\Routing\\Middleware\\ThrottleRequests->handle()
#16 /home/virus77z9x/Documents/New Folder/IO-Store-main/vendor/laravel/framework/src/Illuminate/Auth/Middleware/Authenticate.php(57): Illuminate\\Pipeline\\Pipeline->Illuminate\\Pipeline\\{closure}()
#17 /home/virus77z9x/Documents/New Folder/IO-Store-main/vendor/laravel/framework/src/Illuminate/Pipeline/Pipeline.php(183): Illuminate\\Auth\\Middleware\\Authenticate->handle()
#18 /home/virus77z9x/Documents/New Folder/IO-Store-main/vendor/laravel/sanctum/src/Http/Middleware/EnsureFrontendRequestsAreStateful.php(25): Illuminate\\Pipeline\\Pipeline->Illuminate\\Pipeline\\{closure}()
#19 /home/virus77z9x/Documents/New Folder/IO-Store-main/vendor/laravel/framework/src/Illuminate/Pipeline/Pipeline.php(144): Laravel\\Sanctum\\Http\\Middleware\\EnsureFrontendRequestsAreStateful->Laravel\\Sanctum\\Http\\Middleware\\{closure}()
#20 /home/virus77z9x/Documents/New Folder/IO-Store-main/vendor/laravel/framework/src/Illuminate/Pipeline/Pipeline.php(119): Illuminate\\Pipeline\\Pipeline->Illuminate\\Pipeline\\{closure}()
#21 /home/virus77z9x/Documents/New Folder/IO-Store-main/vendor/laravel/sanctum/src/Http/Middleware/EnsureFrontendRequestsAreStateful.php(24): Illuminate\\Pipeline\\Pipeline->then()
#22 /home/virus77z9x/Documents/New Folder/IO-Store-main/vendor/laravel/framework/src/Illuminate/Pipeline/Pipeline.php(183): Laravel\\Sanctum\\Http\\Middleware\\EnsureFrontendRequestsAreStateful->handle()
#23 /home/virus77z9x/Documents/New Folder/IO-Store-main/vendor/laravel/framework/src/Illuminate/Pipeline/Pipeline.php(119): Illuminate\\Pipeline\\Pipeline->Illuminate\\Pipeline\\{closure}()
#24 /home/virus77z9x/Documents/New Folder/IO-Store-main/vendor/laravel/framework/src/Illuminate/Routing/Router.php(805): Illuminate\\Pipeline\\Pipeline->then()
#25 /home/virus77z9x/Documents/New Folder/IO-Store-main/vendor/laravel/framework/src/Illuminate/Routing/Router.php(784): Illuminate\\Routing\\Router->runRouteWithinStack()
#26 /home/virus77z9x/Documents/New Folder/IO-Store-main/vendor/laravel/framework/src/Illuminate/Routing/Router.php(748): Illuminate\\Routing\\Router->runRoute()
#27 /home/virus77z9x/Documents/New Folder/IO-Store-main/vendor/laravel/framework/src/Illuminate/Routing/Router.php(737): Illuminate\\Routing\\Router->dispatchToRoute()
#28 /home/virus77z9x/Documents/New Folder/IO-Store-main/vendor/laravel/framework/src/Illuminate/Foundation/Http/Kernel.php(200): Illuminate\\Routing\\Router->dispatch()
#29 /home/virus77z9x/Documents/New Folder/IO-Store-main/vendor/laravel/framework/src/Illuminate/Pipeline/Pipeline.php(144): Illuminate\\Foundation\\Http\\Kernel->Illuminate\\Foundation\\Http\\{closure}()
#30 /home/virus77z9x/Documents/New Folder/IO-Store-main/vendor/laravel/framework/src/Illuminate/Foundation/Http/Middleware/TransformsRequest.php(21): Illuminate\\Pipeline\\Pipeline->Illuminate\\Pipeline\\{closure}()
#31 /home/virus77z9x/Documents/New Folder/IO-Store-main/vendor/laravel/framework/src/Illuminate/Foundation/Http/Middleware/ConvertEmptyStringsToNull.php(31): Illuminate\\Foundation\\Http\\Middleware\\TransformsRequest->handle()
#32 /home/virus77z9x/Documents/New Folder/IO-Store-main/vendor/laravel/framework/src/Illuminate/Pipeline/Pipeline.php(183): Illuminate\\Foundation\\Http\\Middleware\\ConvertEmptyStringsToNull->handle()
#33 /home/virus77z9x/Documents/New Folder/IO-Store-main/vendor/laravel/framework/src/Illuminate/Foundation/Http/Middleware/TransformsRequest.php(21): Illuminate\\Pipeline\\Pipeline->Illuminate\\Pipeline\\{closure}()
#34 /home/virus77z9x/Documents/New Folder/IO-Store-main/vendor/laravel/framework/src/Illuminate/Foundation/Http/Middleware/TrimStrings.php(40): Illuminate\\Foundation\\Http\\Middleware\\TransformsRequest->handle()
#35 /home/virus77z9x/Documents/New Folder/IO-Store-main/vendor/laravel/framework/src/Illuminate/Pipeline/Pipeline.php(183): Illuminate\\Foundation\\Http\\Middleware\\TrimStrings->handle()
#36 /home/virus77z9x/Documents/New Folder/IO-Store-main/vendor/laravel/framework/src/Illuminate/Foundation/Http/Middleware/ValidatePostSize.php(27): Illuminate\\Pipeline\\Pipeline->Illuminate\\Pipeline\\{closure}()
#37 /home/virus77z9x/Documents/New Folder/IO-Store-main/vendor/laravel/framework/src/Illuminate/Pipeline/Pipeline.php(183): Illuminate\\Foundation\\Http\\Middleware\\ValidatePostSize->handle()
#38 /home/virus77z9x/Documents/New Folder/IO-Store-main/vendor/laravel/framework/src/Illuminate/Foundation/Http/Middleware/PreventRequestsDuringMaintenance.php(99): Illuminate\\Pipeline\\Pipeline->Illuminate\\Pipeline\\{closure}()
#39 /home/virus77z9x/Documents/New Folder/IO-Store-main/vendor/laravel/framework/src/Illuminate/Pipeline/Pipeline.php(183): Illuminate\\Foundation\\Http\\Middleware\\PreventRequestsDuringMaintenance->handle()
#40 /home/virus77z9x/Documents/New Folder/IO-Store-main/vendor/laravel/framework/src/Illuminate/Http/Middleware/HandleCors.php(62): Illuminate\\Pipeline\\Pipeline->Illuminate\\Pipeline\\{closure}()
#41 /home/virus77z9x/Documents/New Folder/IO-Store-main/vendor/laravel/framework/src/Illuminate/Pipeline/Pipeline.php(183): Illuminate\\Http\\Middleware\\HandleCors->handle()
#42 /home/virus77z9x/Documents/New Folder/IO-Store-main/vendor/laravel/framework/src/Illuminate/Http/Middleware/TrustProxies.php(39): Illuminate\\Pipeline\\Pipeline->Illuminate\\Pipeline\\{closure}()
#43 /home/virus77z9x/Documents/New Folder/IO-Store-main/vendor/laravel/framework/src/Illuminate/Pipeline/Pipeline.php(183): Illuminate\\Http\\Middleware\\TrustProxies->handle()
#44 /home/virus77z9x/Documents/New Folder/IO-Store-main/vendor/laravel/framework/src/Illuminate/Pipeline/Pipeline.php(119): Illuminate\\Pipeline\\Pipeline->Illuminate\\Pipeline\\{closure}()
#45 /home/virus77z9x/Documents/New Folder/IO-Store-main/vendor/laravel/framework/src/Illuminate/Foundation/Http/Kernel.php(175): Illuminate\\Pipeline\\Pipeline->then()
#46 /home/virus77z9x/Documents/New Folder/IO-Store-main/vendor/laravel/framework/src/Illuminate/Foundation/Http/Kernel.php(144): Illuminate\\Foundation\\Http\\Kernel->sendRequestThroughRouter()
#47 /home/virus77z9x/Documents/New Folder/IO-Store-main/public/index.php(51): Illuminate\\Foundation\\Http\\Kernel->handle()
#48 /home/virus77z9x/Documents/New Folder/IO-Store-main/vendor/laravel/framework/src/Illuminate/Foundation/resources/server.php(16): require_once('...')
#49 {main}
"} 
[2025-07-27 16:35:23] local.ERROR: Call to undefined method App\Models\Product::specifications() {"userId":4,"exception":"[object] (BadMethodCallException(code: 0): Call to undefined method App\\Models\\Product::specifications() at /home/virus77z9x/Documents/New Folder/IO-Store-main/vendor/laravel/framework/src/Illuminate/Support/Traits/ForwardsCalls.php:67)
[stacktrace]
#0 /home/virus77z9x/Documents/New Folder/IO-Store-main/vendor/laravel/framework/src/Illuminate/Support/Traits/ForwardsCalls.php(36): Illuminate\\Database\\Eloquent\\Model::throwBadMethodCallException()
#1 /home/virus77z9x/Documents/New Folder/IO-Store-main/vendor/laravel/framework/src/Illuminate/Database/Eloquent/Model.php(2335): Illuminate\\Database\\Eloquent\\Model->forwardCallTo()
#2 /home/virus77z9x/Documents/New Folder/IO-Store-main/vendor/laravel/framework/src/Illuminate/Database/Eloquent/Concerns/QueriesRelationships.php(876): Illuminate\\Database\\Eloquent\\Model->__call()
#3 /home/virus77z9x/Documents/New Folder/IO-Store-main/vendor/laravel/framework/src/Illuminate/Database/Eloquent/Relations/Relation.php(110): Illuminate\\Database\\Eloquent\\Builder->Illuminate\\Database\\Eloquent\\Concerns\\{closure}()
#4 /home/virus77z9x/Documents/New Folder/IO-Store-main/vendor/laravel/framework/src/Illuminate/Database/Eloquent/Concerns/QueriesRelationships.php(875): Illuminate\\Database\\Eloquent\\Relations\\Relation::noConstraints()
#5 /home/virus77z9x/Documents/New Folder/IO-Store-main/vendor/laravel/framework/src/Illuminate/Database/Eloquent/Concerns/QueriesRelationships.php(39): Illuminate\\Database\\Eloquent\\Builder->getRelationWithoutConstraints()
#6 /home/virus77z9x/Documents/New Folder/IO-Store-main/vendor/laravel/framework/src/Illuminate/Support/Traits/ForwardsCalls.php(23): Illuminate\\Database\\Eloquent\\Builder->has()
#7 /home/virus77z9x/Documents/New Folder/IO-Store-main/vendor/laravel/framework/src/Illuminate/Database/Eloquent/Model.php(2335): Illuminate\\Database\\Eloquent\\Model->forwardCallTo()
#8 /home/virus77z9x/Documents/New Folder/IO-Store-main/app/Http/Controllers/Api/Vendor/Products/ProductController.php(155): Illuminate\\Database\\Eloquent\\Model->__call()
#9 /home/virus77z9x/Documents/New Folder/IO-Store-main/vendor/laravel/framework/src/Illuminate/Routing/Controller.php(54): App\\Http\\Controllers\\Api\\Vendor\\Products\\ProductController->store()
#10 /home/virus77z9x/Documents/New Folder/IO-Store-main/vendor/laravel/framework/src/Illuminate/Routing/ControllerDispatcher.php(43): Illuminate\\Routing\\Controller->callAction()
#11 /home/virus77z9x/Documents/New Folder/IO-Store-main/vendor/laravel/framework/src/Illuminate/Routing/Route.php(259): Illuminate\\Routing\\ControllerDispatcher->dispatch()
#12 /home/virus77z9x/Documents/New Folder/IO-Store-main/vendor/laravel/framework/src/Illuminate/Routing/Route.php(205): Illuminate\\Routing\\Route->runController()
#13 /home/virus77z9x/Documents/New Folder/IO-Store-main/vendor/laravel/framework/src/Illuminate/Routing/Router.php(806): Illuminate\\Routing\\Route->run()
#14 /home/virus77z9x/Documents/New Folder/IO-Store-main/vendor/laravel/framework/src/Illuminate/Pipeline/Pipeline.php(144): Illuminate\\Routing\\Router->Illuminate\\Routing\\{closure}()
#15 /home/virus77z9x/Documents/New Folder/IO-Store-main/app/Http/Middleware/SetLocale.php(34): Illuminate\\Pipeline\\Pipeline->Illuminate\\Pipeline\\{closure}()
#16 /home/virus77z9x/Documents/New Folder/IO-Store-main/vendor/laravel/framework/src/Illuminate/Pipeline/Pipeline.php(183): App\\Http\\Middleware\\SetLocale->handle()
#17 /home/virus77z9x/Documents/New Folder/IO-Store-main/vendor/laravel/framework/src/Illuminate/Routing/Middleware/SubstituteBindings.php(50): Illuminate\\Pipeline\\Pipeline->Illuminate\\Pipeline\\{closure}()
#18 /home/virus77z9x/Documents/New Folder/IO-Store-main/vendor/laravel/framework/src/Illuminate/Pipeline/Pipeline.php(183): Illuminate\\Routing\\Middleware\\SubstituteBindings->handle()
#19 /home/virus77z9x/Documents/New Folder/IO-Store-main/vendor/laravel/framework/src/Illuminate/Routing/Middleware/ThrottleRequests.php(159): Illuminate\\Pipeline\\Pipeline->Illuminate\\Pipeline\\{closure}()
#20 /home/virus77z9x/Documents/New Folder/IO-Store-main/vendor/laravel/framework/src/Illuminate/Routing/Middleware/ThrottleRequests.php(125): Illuminate\\Routing\\Middleware\\ThrottleRequests->handleRequest()
#21 /home/virus77z9x/Documents/New Folder/IO-Store-main/vendor/laravel/framework/src/Illuminate/Routing/Middleware/ThrottleRequests.php(87): Illuminate\\Routing\\Middleware\\ThrottleRequests->handleRequestUsingNamedLimiter()
#22 /home/virus77z9x/Documents/New Folder/IO-Store-main/vendor/laravel/framework/src/Illuminate/Pipeline/Pipeline.php(183): Illuminate\\Routing\\Middleware\\ThrottleRequests->handle()
#23 /home/virus77z9x/Documents/New Folder/IO-Store-main/vendor/laravel/framework/src/Illuminate/Auth/Middleware/Authenticate.php(57): Illuminate\\Pipeline\\Pipeline->Illuminate\\Pipeline\\{closure}()
#24 /home/virus77z9x/Documents/New Folder/IO-Store-main/vendor/laravel/framework/src/Illuminate/Pipeline/Pipeline.php(183): Illuminate\\Auth\\Middleware\\Authenticate->handle()
#25 /home/virus77z9x/Documents/New Folder/IO-Store-main/vendor/laravel/sanctum/src/Http/Middleware/EnsureFrontendRequestsAreStateful.php(25): Illuminate\\Pipeline\\Pipeline->Illuminate\\Pipeline\\{closure}()
#26 /home/virus77z9x/Documents/New Folder/IO-Store-main/vendor/laravel/framework/src/Illuminate/Pipeline/Pipeline.php(144): Laravel\\Sanctum\\Http\\Middleware\\EnsureFrontendRequestsAreStateful->Laravel\\Sanctum\\Http\\Middleware\\{closure}()
#27 /home/virus77z9x/Documents/New Folder/IO-Store-main/vendor/laravel/framework/src/Illuminate/Pipeline/Pipeline.php(119): Illuminate\\Pipeline\\Pipeline->Illuminate\\Pipeline\\{closure}()
#28 /home/virus77z9x/Documents/New Folder/IO-Store-main/vendor/laravel/sanctum/src/Http/Middleware/EnsureFrontendRequestsAreStateful.php(24): Illuminate\\Pipeline\\Pipeline->then()
#29 /home/virus77z9x/Documents/New Folder/IO-Store-main/vendor/laravel/framework/src/Illuminate/Pipeline/Pipeline.php(183): Laravel\\Sanctum\\Http\\Middleware\\EnsureFrontendRequestsAreStateful->handle()
#30 /home/virus77z9x/Documents/New Folder/IO-Store-main/vendor/laravel/framework/src/Illuminate/Pipeline/Pipeline.php(119): Illuminate\\Pipeline\\Pipeline->Illuminate\\Pipeline\\{closure}()
#31 /home/virus77z9x/Documents/New Folder/IO-Store-main/vendor/laravel/framework/src/Illuminate/Routing/Router.php(805): Illuminate\\Pipeline\\Pipeline->then()
#32 /home/virus77z9x/Documents/New Folder/IO-Store-main/vendor/laravel/framework/src/Illuminate/Routing/Router.php(784): Illuminate\\Routing\\Router->runRouteWithinStack()
#33 /home/virus77z9x/Documents/New Folder/IO-Store-main/vendor/laravel/framework/src/Illuminate/Routing/Router.php(748): Illuminate\\Routing\\Router->runRoute()
#34 /home/virus77z9x/Documents/New Folder/IO-Store-main/vendor/laravel/framework/src/Illuminate/Routing/Router.php(737): Illuminate\\Routing\\Router->dispatchToRoute()
#35 /home/virus77z9x/Documents/New Folder/IO-Store-main/vendor/laravel/framework/src/Illuminate/Foundation/Http/Kernel.php(200): Illuminate\\Routing\\Router->dispatch()
#36 /home/virus77z9x/Documents/New Folder/IO-Store-main/vendor/laravel/framework/src/Illuminate/Pipeline/Pipeline.php(144): Illuminate\\Foundation\\Http\\Kernel->Illuminate\\Foundation\\Http\\{closure}()
#37 /home/virus77z9x/Documents/New Folder/IO-Store-main/vendor/laravel/framework/src/Illuminate/Foundation/Http/Middleware/TransformsRequest.php(21): Illuminate\\Pipeline\\Pipeline->Illuminate\\Pipeline\\{closure}()
#38 /home/virus77z9x/Documents/New Folder/IO-Store-main/vendor/laravel/framework/src/Illuminate/Foundation/Http/Middleware/ConvertEmptyStringsToNull.php(31): Illuminate\\Foundation\\Http\\Middleware\\TransformsRequest->handle()
#39 /home/virus77z9x/Documents/New Folder/IO-Store-main/vendor/laravel/framework/src/Illuminate/Pipeline/Pipeline.php(183): Illuminate\\Foundation\\Http\\Middleware\\ConvertEmptyStringsToNull->handle()
#40 /home/virus77z9x/Documents/New Folder/IO-Store-main/vendor/laravel/framework/src/Illuminate/Foundation/Http/Middleware/TransformsRequest.php(21): Illuminate\\Pipeline\\Pipeline->Illuminate\\Pipeline\\{closure}()
#41 /home/virus77z9x/Documents/New Folder/IO-Store-main/vendor/laravel/framework/src/Illuminate/Foundation/Http/Middleware/TrimStrings.php(40): Illuminate\\Foundation\\Http\\Middleware\\TransformsRequest->handle()
#42 /home/virus77z9x/Documents/New Folder/IO-Store-main/vendor/laravel/framework/src/Illuminate/Pipeline/Pipeline.php(183): Illuminate\\Foundation\\Http\\Middleware\\TrimStrings->handle()
#43 /home/virus77z9x/Documents/New Folder/IO-Store-main/vendor/laravel/framework/src/Illuminate/Foundation/Http/Middleware/ValidatePostSize.php(27): Illuminate\\Pipeline\\Pipeline->Illuminate\\Pipeline\\{closure}()
#44 /home/virus77z9x/Documents/New Folder/IO-Store-main/vendor/laravel/framework/src/Illuminate/Pipeline/Pipeline.php(183): Illuminate\\Foundation\\Http\\Middleware\\ValidatePostSize->handle()
#45 /home/virus77z9x/Documents/New Folder/IO-Store-main/vendor/laravel/framework/src/Illuminate/Foundation/Http/Middleware/PreventRequestsDuringMaintenance.php(99): Illuminate\\Pipeline\\Pipeline->Illuminate\\Pipeline\\{closure}()
#46 /home/virus77z9x/Documents/New Folder/IO-Store-main/vendor/laravel/framework/src/Illuminate/Pipeline/Pipeline.php(183): Illuminate\\Foundation\\Http\\Middleware\\PreventRequestsDuringMaintenance->handle()
#47 /home/virus77z9x/Documents/New Folder/IO-Store-main/vendor/laravel/framework/src/Illuminate/Http/Middleware/HandleCors.php(62): Illuminate\\Pipeline\\Pipeline->Illuminate\\Pipeline\\{closure}()
#48 /home/virus77z9x/Documents/New Folder/IO-Store-main/vendor/laravel/framework/src/Illuminate/Pipeline/Pipeline.php(183): Illuminate\\Http\\Middleware\\HandleCors->handle()
#49 /home/virus77z9x/Documents/New Folder/IO-Store-main/vendor/laravel/framework/src/Illuminate/Http/Middleware/TrustProxies.php(39): Illuminate\\Pipeline\\Pipeline->Illuminate\\Pipeline\\{closure}()
#50 /home/virus77z9x/Documents/New Folder/IO-Store-main/vendor/laravel/framework/src/Illuminate/Pipeline/Pipeline.php(183): Illuminate\\Http\\Middleware\\TrustProxies->handle()
#51 /home/virus77z9x/Documents/New Folder/IO-Store-main/vendor/laravel/framework/src/Illuminate/Pipeline/Pipeline.php(119): Illuminate\\Pipeline\\Pipeline->Illuminate\\Pipeline\\{closure}()
#52 /home/virus77z9x/Documents/New Folder/IO-Store-main/vendor/laravel/framework/src/Illuminate/Foundation/Http/Kernel.php(175): Illuminate\\Pipeline\\Pipeline->then()
#53 /home/virus77z9x/Documents/New Folder/IO-Store-main/vendor/laravel/framework/src/Illuminate/Foundation/Http/Kernel.php(144): Illuminate\\Foundation\\Http\\Kernel->sendRequestThroughRouter()
#54 /home/virus77z9x/Documents/New Folder/IO-Store-main/public/index.php(51): Illuminate\\Foundation\\Http\\Kernel->handle()
#55 /home/virus77z9x/Documents/New Folder/IO-Store-main/vendor/laravel/framework/src/Illuminate/Foundation/resources/server.php(16): require_once('...')
#56 {main}
"} 
